{"C:\\Users\\matias.guerrero\\Documents\\workspace\\React\\03-gifs-app\\src\\GifsApp.tsx": {"path":"C:\\Users\\matias.guerrero\\Documents\\workspace\\React\\03-gifs-app\\src\\GifsApp.tsx","statementMap":{"0":{"start":{"line":7,"column":13},"end":{"line":24,"column":null}},"1":{"start":{"line":7,"column":23},"end":{"line":7,"column":null}},"2":{"start":{"line":10,"column":66},"end":{"line":10,"column":74}},"3":{"start":{"line":10,"column":76},"end":{"line":14,"column":null}},"4":{"start":{"line":14,"column":6},"end":{"line":14,"column":97}},"5":{"start":{"line":14,"column":97},"end":{"line":14,"column":null}},"6":{"start":{"line":14,"column":97},"end":{"line":17,"column":null}},"7":{"start":{"line":17,"column":6},"end":{"line":17,"column":77}},"8":{"start":{"line":17,"column":77},"end":{"line":17,"column":null}},"9":{"start":{"line":17,"column":77},"end":{"line":20,"column":null}},"10":{"start":{"line":20,"column":6},"end":{"line":20,"column":85}},"11":{"start":{"line":20,"column":85},"end":{"line":20,"column":null}},"12":{"start":{"line":20,"column":85},"end":{"line":23,"column":null}},"13":{"start":{"line":23,"column":6},"end":{"line":23,"column":29}},"14":{"start":{"line":23,"column":29},"end":{"line":23,"column":null}},"15":{"start":{"line":23,"column":29},"end":{"line":24,"column":null}},"16":{"start":{"line":12,"column":4},"end":{"line":23,"column":null}},"17":{"start":{"line":24,"column":7},"end":{"line":24,"column":null}},"18":{"start":{"line":24,"column":7},"end":{"line":12,"column":null}}},"fnMap":{"0":{"name":"(anonymous_0)","decl":{"start":{"line":7,"column":13},"end":{"line":7,"column":23}},"loc":{"start":{"line":7,"column":23},"end":{"line":24,"column":null}},"line":7}},"branchMap":{"0":{"loc":{"start":{"line":10,"column":76},"end":{"line":14,"column":null}},"type":"if","locations":[{"start":{"line":10,"column":76},"end":{"line":14,"column":null}},{"start":{"line":14,"column":97},"end":{"line":14,"column":null}}],"line":10},"1":{"loc":{"start":{"line":14,"column":97},"end":{"line":17,"column":null}},"type":"if","locations":[{"start":{"line":14,"column":97},"end":{"line":17,"column":null}},{"start":{"line":17,"column":77},"end":{"line":17,"column":null}}],"line":14},"2":{"loc":{"start":{"line":17,"column":77},"end":{"line":20,"column":null}},"type":"if","locations":[{"start":{"line":17,"column":77},"end":{"line":20,"column":null}},{"start":{"line":20,"column":85},"end":{"line":20,"column":null}}],"line":17},"3":{"loc":{"start":{"line":17,"column":77},"end":{"line":17,"column":null}},"type":"binary-expr","locations":[{"start":{"line":17,"column":77},"end":{"line":17,"column":null}},{"start":{"line":17,"column":77},"end":{"line":17,"column":null}}],"line":17},"4":{"loc":{"start":{"line":20,"column":85},"end":{"line":23,"column":null}},"type":"if","locations":[{"start":{"line":20,"column":85},"end":{"line":23,"column":null}},{"start":{"line":23,"column":29},"end":{"line":23,"column":null}}],"line":20},"5":{"loc":{"start":{"line":23,"column":29},"end":{"line":24,"column":null}},"type":"if","locations":[{"start":{"line":23,"column":29},"end":{"line":24,"column":null}},{"start":{"line":24,"column":7},"end":{"line":24,"column":null}}],"line":23},"6":{"loc":{"start":{"line":23,"column":29},"end":{"line":23,"column":null}},"type":"binary-expr","locations":[{"start":{"line":23,"column":29},"end":{"line":23,"column":null}},{"start":{"line":23,"column":29},"end":{"line":23,"column":null}},{"start":{"line":23,"column":29},"end":{"line":23,"column":null}}],"line":23}},"s":{"0":1,"1":1,"2":1,"3":1,"4":1,"5":0,"6":1,"7":1,"8":0,"9":1,"10":1,"11":0,"12":1,"13":1,"14":0,"15":1,"16":1,"17":0,"18":1},"f":{"0":1},"b":{"0":[1,0],"1":[1,0],"2":[1,0],"3":[1,0],"4":[1,0],"5":[1,0],"6":[1,0,0]},"meta":{"lastBranch":7,"lastFunction":1,"lastStatement":19,"seen":{"s:7:13:24:Infinity":0,"f:7:13:7:23":0,"s:7:23:7:Infinity":1,"s:10:66:10:74":2,"b:10:76:14:Infinity:14:97:14:Infinity":0,"s:10:76:14:Infinity":3,"s:14:6:14:97":4,"s:14:97:14:Infinity":5,"b:14:97:17:Infinity:17:77:17:Infinity":1,"s:14:97:17:Infinity":6,"s:17:6:17:77":7,"s:17:77:17:Infinity":8,"b:17:77:20:Infinity:20:85:20:Infinity":2,"s:17:77:20:Infinity":9,"b:17:77:17:Infinity:17:77:17:Infinity":3,"s:20:6:20:85":10,"s:20:85:20:Infinity":11,"b:20:85:23:Infinity:23:29:23:Infinity":4,"s:20:85:23:Infinity":12,"s:23:6:23:29":13,"s:23:29:23:Infinity":14,"b:23:29:24:Infinity:24:7:24:Infinity":5,"s:23:29:24:Infinity":15,"b:23:29:23:Infinity:23:29:23:Infinity:23:29:23:Infinity":6,"s:12:4:23:Infinity":16,"s:24:7:24:Infinity":17,"s:24:7:12:Infinity":18},"fnNames":{}}}
,"C:\\Users\\matias.guerrero\\Documents\\workspace\\React\\03-gifs-app\\src\\counter\\components\\MyCounterApp.tsx": {"path":"C:\\Users\\matias.guerrero\\Documents\\workspace\\React\\03-gifs-app\\src\\counter\\components\\MyCounterApp.tsx","statementMap":{"0":{"start":{"line":3,"column":13},"end":{"line":16,"column":null}},"1":{"start":{"line":3,"column":28},"end":{"line":3,"column":null}},"2":{"start":{"line":5,"column":62},"end":{"line":5,"column":73}},"3":{"start":{"line":5,"column":75},"end":{"line":8,"column":null}},"4":{"start":{"line":8,"column":13},"end":{"line":8,"column":79}},"5":{"start":{"line":8,"column":79},"end":{"line":8,"column":null}},"6":{"start":{"line":8,"column":79},"end":{"line":10,"column":null}},"7":{"start":{"line":10,"column":6},"end":{"line":10,"column":null}},"8":{"start":{"line":10,"column":33},"end":{"line":10,"column":null}},"9":{"start":{"line":10,"column":33},"end":{"line":11,"column":null}},"10":{"start":{"line":11,"column":18},"end":{"line":11,"column":50}},"11":{"start":{"line":11,"column":50},"end":{"line":11,"column":null}},"12":{"start":{"line":11,"column":50},"end":{"line":12,"column":null}},"13":{"start":{"line":12,"column":8},"end":{"line":12,"column":null}},"14":{"start":{"line":12,"column":47},"end":{"line":12,"column":null}},"15":{"start":{"line":12,"column":47},"end":{"line":13,"column":null}},"16":{"start":{"line":13,"column":8},"end":{"line":13,"column":null}},"17":{"start":{"line":13,"column":52},"end":{"line":13,"column":null}},"18":{"start":{"line":13,"column":52},"end":{"line":14,"column":null}},"19":{"start":{"line":14,"column":8},"end":{"line":14,"column":null}},"20":{"start":{"line":14,"column":52},"end":{"line":14,"column":null}},"21":{"start":{"line":14,"column":52},"end":{"line":15,"column":null}},"22":{"start":{"line":11,"column":6},"end":{"line":15,"column":null}},"23":{"start":{"line":15,"column":12},"end":{"line":15,"column":null}},"24":{"start":{"line":15,"column":12},"end":{"line":16,"column":null}},"25":{"start":{"line":7,"column":4},"end":{"line":16,"column":null}},"26":{"start":{"line":16,"column":10},"end":{"line":16,"column":null}},"27":{"start":{"line":16,"column":10},"end":{"line":7,"column":null}}},"fnMap":{"0":{"name":"(anonymous_0)","decl":{"start":{"line":3,"column":13},"end":{"line":3,"column":28}},"loc":{"start":{"line":3,"column":28},"end":{"line":16,"column":null}},"line":3}},"branchMap":{"0":{"loc":{"start":{"line":5,"column":75},"end":{"line":8,"column":null}},"type":"if","locations":[{"start":{"line":5,"column":75},"end":{"line":8,"column":null}},{"start":{"line":8,"column":79},"end":{"line":8,"column":null}}],"line":5},"1":{"loc":{"start":{"line":8,"column":79},"end":{"line":10,"column":null}},"type":"if","locations":[{"start":{"line":8,"column":79},"end":{"line":10,"column":null}},{"start":{"line":10,"column":33},"end":{"line":10,"column":null}}],"line":8},"2":{"loc":{"start":{"line":10,"column":33},"end":{"line":11,"column":null}},"type":"if","locations":[{"start":{"line":10,"column":33},"end":{"line":11,"column":null}},{"start":{"line":11,"column":50},"end":{"line":11,"column":null}}],"line":10},"3":{"loc":{"start":{"line":11,"column":50},"end":{"line":12,"column":null}},"type":"if","locations":[{"start":{"line":11,"column":50},"end":{"line":12,"column":null}},{"start":{"line":12,"column":47},"end":{"line":12,"column":null}}],"line":11},"4":{"loc":{"start":{"line":12,"column":47},"end":{"line":13,"column":null}},"type":"if","locations":[{"start":{"line":12,"column":47},"end":{"line":13,"column":null}},{"start":{"line":13,"column":52},"end":{"line":13,"column":null}}],"line":12},"5":{"loc":{"start":{"line":13,"column":52},"end":{"line":14,"column":null}},"type":"if","locations":[{"start":{"line":13,"column":52},"end":{"line":14,"column":null}},{"start":{"line":14,"column":52},"end":{"line":14,"column":null}}],"line":13},"6":{"loc":{"start":{"line":14,"column":52},"end":{"line":15,"column":null}},"type":"if","locations":[{"start":{"line":14,"column":52},"end":{"line":15,"column":null}},{"start":{"line":15,"column":12},"end":{"line":15,"column":null}}],"line":14},"7":{"loc":{"start":{"line":14,"column":52},"end":{"line":14,"column":null}},"type":"binary-expr","locations":[{"start":{"line":14,"column":52},"end":{"line":14,"column":null}},{"start":{"line":14,"column":52},"end":{"line":14,"column":null}},{"start":{"line":14,"column":52},"end":{"line":14,"column":null}}],"line":14},"8":{"loc":{"start":{"line":15,"column":12},"end":{"line":16,"column":null}},"type":"if","locations":[{"start":{"line":15,"column":12},"end":{"line":16,"column":null}},{"start":{"line":16,"column":10},"end":{"line":16,"column":null}}],"line":15},"9":{"loc":{"start":{"line":15,"column":12},"end":{"line":15,"column":null}},"type":"binary-expr","locations":[{"start":{"line":15,"column":12},"end":{"line":15,"column":null}},{"start":{"line":15,"column":12},"end":{"line":15,"column":null}}],"line":15}},"s":{"0":2,"1":7,"2":7,"3":7,"4":5,"5":2,"6":7,"7":7,"8":0,"9":7,"10":5,"11":2,"12":7,"13":7,"14":0,"15":7,"16":5,"17":2,"18":7,"19":5,"20":2,"21":7,"22":7,"23":0,"24":7,"25":7,"26":0,"27":7},"f":{"0":7},"b":{"0":[5,2],"1":[7,0],"2":[5,2],"3":[7,0],"4":[5,2],"5":[5,2],"6":[7,0],"7":[7,0,0],"8":[7,0],"9":[7,0]},"meta":{"lastBranch":10,"lastFunction":1,"lastStatement":28,"seen":{"s:3:13:16:Infinity":0,"f:3:13:3:28":0,"s:3:28:3:Infinity":1,"s:5:62:5:73":2,"b:5:75:8:Infinity:8:79:8:Infinity":0,"s:5:75:8:Infinity":3,"s:8:13:8:79":4,"s:8:79:8:Infinity":5,"b:8:79:10:Infinity:10:33:10:Infinity":1,"s:8:79:10:Infinity":6,"s:10:6:10:Infinity":7,"s:10:33:10:Infinity":8,"b:10:33:11:Infinity:11:50:11:Infinity":2,"s:10:33:11:Infinity":9,"s:11:18:11:50":10,"s:11:50:11:Infinity":11,"b:11:50:12:Infinity:12:47:12:Infinity":3,"s:11:50:12:Infinity":12,"s:12:8:12:Infinity":13,"s:12:47:12:Infinity":14,"b:12:47:13:Infinity:13:52:13:Infinity":4,"s:12:47:13:Infinity":15,"s:13:8:13:Infinity":16,"s:13:52:13:Infinity":17,"b:13:52:14:Infinity:14:52:14:Infinity":5,"s:13:52:14:Infinity":18,"s:14:8:14:Infinity":19,"s:14:52:14:Infinity":20,"b:14:52:15:Infinity:15:12:15:Infinity":6,"s:14:52:15:Infinity":21,"b:14:52:14:Infinity:14:52:14:Infinity:14:52:14:Infinity":7,"s:11:6:15:Infinity":22,"s:15:12:15:Infinity":23,"b:15:12:16:Infinity:16:10:16:Infinity":8,"s:15:12:16:Infinity":24,"b:15:12:15:Infinity:15:12:15:Infinity":9,"s:7:4:16:Infinity":25,"s:16:10:16:Infinity":26,"s:16:10:7:Infinity":27},"fnNames":{}}}
,"C:\\Users\\matias.guerrero\\Documents\\workspace\\React\\03-gifs-app\\src\\counter\\hooks\\useCounter.tsx": {"path":"C:\\Users\\matias.guerrero\\Documents\\workspace\\React\\03-gifs-app\\src\\counter\\hooks\\useCounter.tsx","statementMap":{"0":{"start":{"line":3,"column":13},"end":{"line":17,"column":null}},"1":{"start":{"line":3,"column":26},"end":{"line":3,"column":27}},"2":{"start":{"line":3,"column":27},"end":{"line":3,"column":null}},"3":{"start":{"line":5,"column":32},"end":{"line":5,"column":55}},"4":{"start":{"line":5,"column":55},"end":{"line":6,"column":50}},"5":{"start":{"line":6,"column":20},"end":{"line":6,"column":49}},"6":{"start":{"line":6,"column":26},"end":{"line":6,"column":49}},"7":{"start":{"line":6,"column":49},"end":{"line":6,"column":50}},"8":{"start":{"line":6,"column":20},"end":{"line":6,"column":26}},"9":{"start":{"line":6,"column":50},"end":{"line":7,"column":70}},"10":{"start":{"line":7,"column":25},"end":{"line":7,"column":69}},"11":{"start":{"line":7,"column":31},"end":{"line":7,"column":69}},"12":{"start":{"line":7,"column":69},"end":{"line":7,"column":70}},"13":{"start":{"line":7,"column":25},"end":{"line":7,"column":31}},"14":{"start":{"line":7,"column":70},"end":{"line":8,"column":53}},"15":{"start":{"line":8,"column":22},"end":{"line":8,"column":52}},"16":{"start":{"line":8,"column":28},"end":{"line":8,"column":52}},"17":{"start":{"line":8,"column":52},"end":{"line":8,"column":53}},"18":{"start":{"line":8,"column":22},"end":{"line":8,"column":28}},"19":{"start":{"line":8,"column":53},"end":{"line":17,"column":null}},"20":{"start":{"line":10,"column":9},"end":{"line":17,"column":3}},"21":{"start":{"line":17,"column":3},"end":{"line":17,"column":null}},"22":{"start":{"line":17,"column":3},"end":{"line":10,"column":null}},"23":{"start":{"line":3,"column":26},"end":{"line":7,"column":68}}},"fnMap":{"0":{"name":"(anonymous_0)","decl":{"start":{"line":3,"column":13},"end":{"line":3,"column":26}},"loc":{"start":{"line":3,"column":26},"end":{"line":17,"column":null}},"line":3},"1":{"name":"(anonymous_1)","decl":{"start":{"line":6,"column":20},"end":{"line":6,"column":26}},"loc":{"start":{"line":6,"column":26},"end":{"line":6,"column":49}},"line":6},"2":{"name":"(anonymous_2)","decl":{"start":{"line":7,"column":25},"end":{"line":7,"column":31}},"loc":{"start":{"line":7,"column":31},"end":{"line":7,"column":69}},"line":7},"3":{"name":"(anonymous_3)","decl":{"start":{"line":8,"column":22},"end":{"line":8,"column":28}},"loc":{"start":{"line":8,"column":28},"end":{"line":8,"column":52}},"line":8},"4":{"name":"_temp","decl":{"start":{"line":3,"column":26},"end":{"line":3,"column":27}},"loc":{"start":{"line":3,"column":26},"end":{"line":7,"column":69}},"line":3}},"branchMap":{"0":{"loc":{"start":{"line":3,"column":27},"end":{"line":3,"column":null}},"type":"cond-expr","locations":[{"start":{"line":3,"column":27},"end":{"line":3,"column":null}},{"start":{"line":3,"column":27},"end":{"line":3,"column":null}}],"line":3},"1":{"loc":{"start":{"line":5,"column":55},"end":{"line":6,"column":50}},"type":"if","locations":[{"start":{"line":5,"column":55},"end":{"line":6,"column":50}},{"start":{"line":6,"column":49},"end":{"line":6,"column":50}}],"line":5},"2":{"loc":{"start":{"line":6,"column":50},"end":{"line":7,"column":70}},"type":"if","locations":[{"start":{"line":6,"column":50},"end":{"line":7,"column":70}},{"start":{"line":7,"column":69},"end":{"line":7,"column":70}}],"line":6},"3":{"loc":{"start":{"line":7,"column":70},"end":{"line":8,"column":53}},"type":"if","locations":[{"start":{"line":7,"column":70},"end":{"line":8,"column":53}},{"start":{"line":8,"column":52},"end":{"line":8,"column":53}}],"line":7},"4":{"loc":{"start":{"line":8,"column":53},"end":{"line":17,"column":null}},"type":"if","locations":[{"start":{"line":8,"column":53},"end":{"line":17,"column":null}},{"start":{"line":17,"column":3},"end":{"line":17,"column":null}}],"line":8},"5":{"loc":{"start":{"line":8,"column":53},"end":{"line":8,"column":null}},"type":"binary-expr","locations":[{"start":{"line":8,"column":53},"end":{"line":8,"column":null}},{"start":{"line":8,"column":53},"end":{"line":8,"column":null}},{"start":{"line":8,"column":53},"end":{"line":8,"column":null}}],"line":8}},"s":{"0":2,"1":14,"2":14,"3":14,"4":14,"5":14,"6":3,"7":0,"8":14,"9":14,"10":8,"11":2,"12":6,"13":14,"14":14,"15":8,"16":1,"17":6,"18":14,"19":14,"20":14,"21":0,"22":14,"23":2},"f":{"0":14,"1":3,"2":2,"3":1,"4":2},"b":{"0":[13,1],"1":[14,0],"2":[8,6],"3":[8,6],"4":[14,0],"5":[14,0,0]},"meta":{"lastBranch":6,"lastFunction":5,"lastStatement":24,"seen":{"s:3:13:17:Infinity":0,"f:3:13:3:26":0,"s:3:26:3:27":1,"s:3:27:3:Infinity":2,"b:3:27:3:Infinity:3:27:3:Infinity":0,"s:5:32:5:55":3,"b:5:55:6:50:6:49:6:50":1,"s:5:55:6:50":4,"s:6:20:6:49":5,"f:6:20:6:26":1,"s:6:26:6:49":6,"s:6:49:6:50":7,"s:6:20:6:26":8,"b:6:50:7:70:7:69:7:70":2,"s:6:50:7:70":9,"s:7:25:7:69":10,"f:7:25:7:31":2,"s:7:31:7:69":11,"s:7:69:7:70":12,"s:7:25:7:31":13,"b:7:70:8:53:8:52:8:53":3,"s:7:70:8:53":14,"s:8:22:8:52":15,"f:8:22:8:28":3,"s:8:28:8:52":16,"s:8:52:8:53":17,"s:8:22:8:28":18,"b:8:53:17:Infinity:17:3:17:Infinity":4,"s:8:53:17:Infinity":19,"b:8:53:8:Infinity:8:53:8:Infinity:8:53:8:Infinity":5,"s:10:9:17:3":20,"s:17:3:17:Infinity":21,"s:17:3:10:Infinity":22,"f:3:26:3:27":4,"s:3:26:7:68":23},"fnNames":{}}}
,"C:\\Users\\matias.guerrero\\Documents\\workspace\\React\\03-gifs-app\\src\\gifs\\actions\\get-gifs-by-query.actions.ts": {"path":"C:\\Users\\matias.guerrero\\Documents\\workspace\\React\\03-gifs-app\\src\\gifs\\actions\\get-gifs-by-query.actions.ts","statementMap":{"0":{"start":{"line":5,"column":30},"end":{"line":31,"column":null}},"1":{"start":{"line":7,"column":2},"end":{"line":9,"column":null}},"2":{"start":{"line":8,"column":4},"end":{"line":8,"column":null}},"3":{"start":{"line":11,"column":2},"end":{"line":30,"column":null}},"4":{"start":{"line":12,"column":21},"end":{"line":17,"column":null}},"5":{"start":{"line":19,"column":4},"end":{"line":25,"column":null}},"6":{"start":{"line":19,"column":44},"end":{"line":25,"column":6}},"7":{"start":{"line":28,"column":4},"end":{"line":28,"column":null}},"8":{"start":{"line":29,"column":4},"end":{"line":29,"column":null}}},"fnMap":{"0":{"name":"(anonymous_0)","decl":{"start":{"line":5,"column":30},"end":{"line":5,"column":37}},"loc":{"start":{"line":5,"column":71},"end":{"line":31,"column":null}},"line":5},"1":{"name":"(anonymous_1)","decl":{"start":{"line":19,"column":30},"end":{"line":19,"column":35}},"loc":{"start":{"line":19,"column":44},"end":{"line":25,"column":6}},"line":19}},"branchMap":{"0":{"loc":{"start":{"line":7,"column":2},"end":{"line":9,"column":null}},"type":"if","locations":[{"start":{"line":7,"column":2},"end":{"line":9,"column":null}},{"start":{},"end":{}}],"line":7}},"s":{"0":3,"1":6,"2":1,"3":5,"4":5,"5":4,"6":40,"7":1,"8":1},"f":{"0":6,"1":40},"b":{"0":[1,5]},"meta":{"lastBranch":1,"lastFunction":2,"lastStatement":9,"seen":{"s:5:30:31:Infinity":0,"f:5:30:5:37":0,"b:7:2:9:Infinity:undefined:undefined:undefined:undefined":0,"s:7:2:9:Infinity":1,"s:8:4:8:Infinity":2,"s:11:2:30:Infinity":3,"s:12:21:17:Infinity":4,"s:19:4:25:Infinity":5,"f:19:30:19:35":1,"s:19:44:25:6":6,"s:28:4:28:Infinity":7,"s:29:4:29:Infinity":8},"fnNames":{}}}
,"C:\\Users\\matias.guerrero\\Documents\\workspace\\React\\03-gifs-app\\src\\gifs\\api\\giphy.api.ts": {"path":"C:\\Users\\matias.guerrero\\Documents\\workspace\\React\\03-gifs-app\\src\\gifs\\api\\giphy.api.ts","statementMap":{"0":{"start":{"line":3,"column":24},"end":{"line":9,"column":null}}},"fnMap":{},"branchMap":{},"s":{"0":4},"f":{},"b":{},"meta":{"lastBranch":0,"lastFunction":0,"lastStatement":1,"seen":{"s:3:24:9:Infinity":0},"fnNames":{}}}
,"C:\\Users\\matias.guerrero\\Documents\\workspace\\React\\03-gifs-app\\src\\gifs\\components\\GifList.tsx": {"path":"C:\\Users\\matias.guerrero\\Documents\\workspace\\React\\03-gifs-app\\src\\gifs\\components\\GifList.tsx","statementMap":{"0":{"start":{"line":7,"column":13},"end":{"line":21,"column":null}},"1":{"start":{"line":7,"column":23},"end":{"line":7,"column":24}},"2":{"start":{"line":7,"column":24},"end":{"line":7,"column":39}},"3":{"start":{"line":7,"column":39},"end":{"line":19,"column":null}},"4":{"start":{"line":11,"column":8},"end":{"line":19,"column":10}},"5":{"start":{"line":19,"column":10},"end":{"line":19,"column":null}},"6":{"start":{"line":19,"column":10},"end":{"line":21,"column":null}},"7":{"start":{"line":9,"column":4},"end":{"line":21,"column":null}},"8":{"start":{"line":21,"column":10},"end":{"line":21,"column":null}},"9":{"start":{"line":21,"column":10},"end":{"line":9,"column":19}},"10":{"start":{"line":7,"column":23},"end":{"line":18,"column":null}}},"fnMap":{"0":{"name":"(anonymous_0)","decl":{"start":{"line":7,"column":13},"end":{"line":7,"column":23}},"loc":{"start":{"line":7,"column":23},"end":{"line":21,"column":null}},"line":7},"1":{"name":"_temp","decl":{"start":{"line":7,"column":23},"end":{"line":7,"column":24}},"loc":{"start":{"line":7,"column":23},"end":{"line":18,"column":null}},"line":7}},"branchMap":{"0":{"loc":{"start":{"line":7,"column":39},"end":{"line":19,"column":null}},"type":"if","locations":[{"start":{"line":7,"column":39},"end":{"line":19,"column":null}},{"start":{"line":19,"column":10},"end":{"line":19,"column":null}}],"line":7},"1":{"loc":{"start":{"line":19,"column":10},"end":{"line":21,"column":null}},"type":"if","locations":[{"start":{"line":19,"column":10},"end":{"line":21,"column":null}},{"start":{"line":21,"column":10},"end":{"line":21,"column":null}}],"line":19}},"s":{"0":1,"1":1,"2":1,"3":1,"4":1,"5":0,"6":1,"7":1,"8":0,"9":1,"10":0},"f":{"0":1,"1":0},"b":{"0":[1,0],"1":[1,0]},"meta":{"lastBranch":2,"lastFunction":2,"lastStatement":11,"seen":{"s:7:13:21:Infinity":0,"f:7:13:7:23":0,"s:7:23:7:24":1,"s:7:24:7:39":2,"b:7:39:19:Infinity:19:10:19:Infinity":0,"s:7:39:19:Infinity":3,"s:11:8:19:10":4,"s:19:10:19:Infinity":5,"b:19:10:21:Infinity:21:10:21:Infinity":1,"s:19:10:21:Infinity":6,"s:9:4:21:Infinity":7,"s:21:10:21:Infinity":8,"s:21:10:9:19":9,"f:7:23:7:24":1,"s:7:23:18:Infinity":10},"fnNames":{}}}
,"C:\\Users\\matias.guerrero\\Documents\\workspace\\React\\03-gifs-app\\src\\gifs\\components\\PreviousSearches.tsx": {"path":"C:\\Users\\matias.guerrero\\Documents\\workspace\\React\\03-gifs-app\\src\\gifs\\components\\PreviousSearches.tsx","statementMap":{"0":{"start":{"line":6,"column":13},"end":{"line":17,"column":null}},"1":{"start":{"line":6,"column":32},"end":{"line":6,"column":33}},"2":{"start":{"line":6,"column":33},"end":{"line":6,"column":68}},"3":{"start":{"line":6,"column":68},"end":{"line":9,"column":null}},"4":{"start":{"line":9,"column":6},"end":{"line":9,"column":null}},"5":{"start":{"line":9,"column":32},"end":{"line":9,"column":null}},"6":{"start":{"line":9,"column":32},"end":{"line":15,"column":null}},"7":{"start":{"line":11,"column":9},"end":{"line":15,"column":10}},"8":{"start":{"line":12,"column":10},"end":{"line":14,"column":null}},"9":{"start":{"line":13,"column":27},"end":{"line":13,"column":null}},"10":{"start":{"line":15,"column":10},"end":{"line":15,"column":null}},"11":{"start":{"line":15,"column":10},"end":{"line":17,"column":null}},"12":{"start":{"line":8,"column":4},"end":{"line":17,"column":null}},"13":{"start":{"line":17,"column":10},"end":{"line":17,"column":null}},"14":{"start":{"line":17,"column":10},"end":{"line":8,"column":19}}},"fnMap":{"0":{"name":"(anonymous_0)","decl":{"start":{"line":6,"column":13},"end":{"line":6,"column":32}},"loc":{"start":{"line":6,"column":32},"end":{"line":17,"column":null}},"line":6},"1":{"name":"(anonymous_1)","decl":{"start":{"line":11,"column":17},"end":{"line":11,"column":23}},"loc":{"start":{"line":12,"column":10},"end":{"line":14,"column":null}},"line":12},"2":{"name":"(anonymous_2)","decl":{"start":{"line":13,"column":21},"end":{"line":13,"column":27}},"loc":{"start":{"line":13,"column":27},"end":{"line":13,"column":null}},"line":13}},"branchMap":{"0":{"loc":{"start":{"line":6,"column":68},"end":{"line":9,"column":null}},"type":"if","locations":[{"start":{"line":6,"column":68},"end":{"line":9,"column":null}},{"start":{"line":9,"column":32},"end":{"line":9,"column":null}}],"line":6},"1":{"loc":{"start":{"line":9,"column":32},"end":{"line":15,"column":null}},"type":"if","locations":[{"start":{"line":9,"column":32},"end":{"line":15,"column":null}},{"start":{"line":15,"column":10},"end":{"line":15,"column":null}}],"line":9},"2":{"loc":{"start":{"line":9,"column":32},"end":{"line":9,"column":null}},"type":"binary-expr","locations":[{"start":{"line":9,"column":32},"end":{"line":9,"column":null}},{"start":{"line":9,"column":32},"end":{"line":9,"column":null}}],"line":9},"3":{"loc":{"start":{"line":15,"column":10},"end":{"line":17,"column":null}},"type":"if","locations":[{"start":{"line":15,"column":10},"end":{"line":17,"column":null}},{"start":{"line":17,"column":10},"end":{"line":17,"column":null}}],"line":15}},"s":{"0":1,"1":1,"2":1,"3":1,"4":1,"5":0,"6":1,"7":1,"8":0,"9":0,"10":0,"11":1,"12":1,"13":0,"14":1},"f":{"0":1,"1":0,"2":0},"b":{"0":[1,0],"1":[1,0],"2":[1,0],"3":[1,0]},"meta":{"lastBranch":4,"lastFunction":3,"lastStatement":15,"seen":{"s:6:13:17:Infinity":0,"f:6:13:6:32":0,"s:6:32:6:33":1,"s:6:33:6:68":2,"b:6:68:9:Infinity:9:32:9:Infinity":0,"s:6:68:9:Infinity":3,"s:9:6:9:Infinity":4,"s:9:32:9:Infinity":5,"b:9:32:15:Infinity:15:10:15:Infinity":1,"s:9:32:15:Infinity":6,"b:9:32:9:Infinity:9:32:9:Infinity":2,"s:11:9:15:10":7,"f:11:17:11:23":1,"s:12:10:14:Infinity":8,"f:13:21:13:27":2,"s:13:27:13:Infinity":9,"s:15:10:15:Infinity":10,"b:15:10:17:Infinity:17:10:17:Infinity":3,"s:15:10:17:Infinity":11,"s:8:4:17:Infinity":12,"s:17:10:17:Infinity":13,"s:17:10:8:19":14},"fnNames":{}}}
,"C:\\Users\\matias.guerrero\\Documents\\workspace\\React\\03-gifs-app\\src\\gifs\\hooks\\useGifs.tsx": {"path":"C:\\Users\\matias.guerrero\\Documents\\workspace\\React\\03-gifs-app\\src\\gifs\\hooks\\useGifs.tsx","statementMap":{"0":{"start":{"line":7,"column":13},"end":{"line":44,"column":null}},"1":{"start":{"line":7,"column":23},"end":{"line":7,"column":null}},"2":{"start":{"line":7,"column":23},"end":{"line":9,"column":45}},"3":{"start":{"line":9,"column":42},"end":{"line":9,"column":44}},"4":{"start":{"line":9,"column":44},"end":{"line":9,"column":45}},"5":{"start":{"line":9,"column":26},"end":{"line":9,"column":45}},"6":{"start":{"line":9,"column":45},"end":{"line":10,"column":64}},"7":{"start":{"line":10,"column":61},"end":{"line":10,"column":63}},"8":{"start":{"line":10,"column":63},"end":{"line":10,"column":64}},"9":{"start":{"line":10,"column":42},"end":{"line":10,"column":64}},"10":{"start":{"line":10,"column":64},"end":{"line":11,"column":54}},"11":{"start":{"line":11,"column":50},"end":{"line":11,"column":52}},"12":{"start":{"line":11,"column":52},"end":{"line":11,"column":54}},"13":{"start":{"line":11,"column":20},"end":{"line":11,"column":54}},"14":{"start":{"line":11,"column":54},"end":{"line":21,"column":null}},"15":{"start":{"line":13,"column":28},"end":{"line":20,"column":30}},"16":{"start":{"line":14,"column":4},"end":{"line":15,"column":null}},"17":{"start":{"line":15,"column":6},"end":{"line":15,"column":38}},"18":{"start":{"line":15,"column":38},"end":{"line":15,"column":null}},"19":{"start":{"line":18,"column":17},"end":{"line":18,"column":null}},"20":{"start":{"line":19,"column":4},"end":{"line":19,"column":null}},"21":{"start":{"line":20,"column":4},"end":{"line":20,"column":null}},"22":{"start":{"line":21,"column":3},"end":{"line":21,"column":null}},"23":{"start":{"line":13,"column":28},"end":{"line":13,"column":null}},"24":{"start":{"line":21,"column":3},"end":{"line":35,"column":null}},"25":{"start":{"line":23,"column":23},"end":{"line":34,"column":40}},"26":{"start":{"line":23,"column":30},"end":{"line":23,"column":null}},"27":{"start":{"line":24,"column":4},"end":{"line":24,"column":null}},"28":{"start":{"line":24,"column":20},"end":{"line":24,"column":null}},"29":{"start":{"line":25,"column":27},"end":{"line":25,"column":null}},"30":{"start":{"line":26,"column":4},"end":{"line":29,"column":null}},"31":{"start":{"line":31,"column":17},"end":{"line":31,"column":null}},"32":{"start":{"line":32,"column":4},"end":{"line":32,"column":null}},"33":{"start":{"line":34,"column":4},"end":{"line":34,"column":null}},"34":{"start":{"line":35,"column":3},"end":{"line":35,"column":null}},"35":{"start":{"line":23,"column":23},"end":{"line":23,"column":30}},"36":{"start":{"line":35,"column":3},"end":{"line":44,"column":null}},"37":{"start":{"line":37,"column":9},"end":{"line":44,"column":3}},"38":{"start":{"line":44,"column":3},"end":{"line":44,"column":null}},"39":{"start":{"line":44,"column":3},"end":{"line":37,"column":null}}},"fnMap":{"0":{"name":"(anonymous_0)","decl":{"start":{"line":7,"column":13},"end":{"line":7,"column":23}},"loc":{"start":{"line":7,"column":23},"end":{"line":44,"column":null}},"line":7},"1":{"name":"(anonymous_1)","decl":{"start":{"line":13,"column":28},"end":{"line":13,"column":null}},"loc":{"start":{"line":13,"column":28},"end":{"line":20,"column":30}},"line":13},"2":{"name":"(anonymous_2)","decl":{"start":{"line":23,"column":23},"end":{"line":23,"column":30}},"loc":{"start":{"line":23,"column":23},"end":{"line":34,"column":40}},"line":23}},"branchMap":{"0":{"loc":{"start":{"line":7,"column":23},"end":{"line":9,"column":45}},"type":"if","locations":[{"start":{"line":7,"column":23},"end":{"line":9,"column":45}},{"start":{"line":9,"column":44},"end":{"line":9,"column":45}}],"line":7},"1":{"loc":{"start":{"line":9,"column":45},"end":{"line":10,"column":64}},"type":"if","locations":[{"start":{"line":9,"column":45},"end":{"line":10,"column":64}},{"start":{"line":10,"column":63},"end":{"line":10,"column":64}}],"line":9},"2":{"loc":{"start":{"line":10,"column":64},"end":{"line":11,"column":54}},"type":"if","locations":[{"start":{"line":10,"column":64},"end":{"line":11,"column":54}},{"start":{"line":11,"column":52},"end":{"line":11,"column":54}}],"line":10},"3":{"loc":{"start":{"line":11,"column":54},"end":{"line":21,"column":null}},"type":"if","locations":[{"start":{"line":11,"column":54},"end":{"line":21,"column":null}},{"start":{"line":21,"column":3},"end":{"line":21,"column":null}}],"line":11},"4":{"loc":{"start":{"line":14,"column":4},"end":{"line":15,"column":null}},"type":"if","locations":[{"start":{"line":14,"column":4},"end":{"line":15,"column":null}},{"start":{},"end":{}}],"line":14},"5":{"loc":{"start":{"line":21,"column":3},"end":{"line":35,"column":null}},"type":"if","locations":[{"start":{"line":21,"column":3},"end":{"line":35,"column":null}},{"start":{"line":35,"column":3},"end":{"line":35,"column":null}}],"line":21},"6":{"loc":{"start":{"line":23,"column":30},"end":{"line":23,"column":null}},"type":"cond-expr","locations":[{"start":{"line":23,"column":30},"end":{"line":23,"column":null}},{"start":{"line":23,"column":30},"end":{"line":23,"column":null}}],"line":23},"7":{"loc":{"start":{"line":24,"column":4},"end":{"line":24,"column":null}},"type":"if","locations":[{"start":{"line":24,"column":4},"end":{"line":24,"column":null}},{"start":{},"end":{}}],"line":24},"8":{"loc":{"start":{"line":26,"column":4},"end":{"line":29,"column":null}},"type":"cond-expr","locations":[{"start":{"line":26,"column":4},"end":{"line":26,"column":16}},{"start":{"line":29,"column":6},"end":{"line":29,"column":null}}],"line":26},"9":{"loc":{"start":{"line":35,"column":3},"end":{"line":44,"column":null}},"type":"if","locations":[{"start":{"line":35,"column":3},"end":{"line":44,"column":null}},{"start":{"line":44,"column":3},"end":{"line":44,"column":null}}],"line":35},"10":{"loc":{"start":{"line":35,"column":3},"end":{"line":35,"column":null}},"type":"binary-expr","locations":[{"start":{"line":35,"column":3},"end":{"line":35,"column":null}},{"start":{"line":35,"column":3},"end":{"line":35,"column":null}},{"start":{"line":35,"column":3},"end":{"line":35,"column":null}}],"line":35}},"s":{"0":2,"1":19,"2":19,"3":6,"4":13,"5":19,"6":19,"7":6,"8":13,"9":19,"10":19,"11":6,"12":13,"13":19,"14":19,"15":6,"16":3,"17":1,"18":1,"19":2,"20":2,"21":2,"22":13,"23":19,"24":19,"25":16,"26":10,"27":10,"28":0,"29":10,"30":10,"31":10,"32":10,"33":10,"34":3,"35":19,"36":19,"37":18,"38":1,"39":19},"f":{"0":19,"1":3,"2":10},"b":{"0":[6,13],"1":[6,13],"2":[6,13],"3":[6,13],"4":[1,2],"5":[16,3],"6":[0,10],"7":[0,10],"8":[0,10],"9":[18,1],"10":[19,9,1]},"meta":{"lastBranch":11,"lastFunction":3,"lastStatement":40,"seen":{"s:7:13:44:Infinity":0,"f:7:13:7:23":0,"s:7:23:7:Infinity":1,"b:7:23:9:45:9:44:9:45":0,"s:7:23:9:45":2,"s:9:42:9:44":3,"s:9:44:9:45":4,"s:9:26:9:45":5,"b:9:45:10:64:10:63:10:64":1,"s:9:45:10:64":6,"s:10:61:10:63":7,"s:10:63:10:64":8,"s:10:42:10:64":9,"b:10:64:11:54:11:52:11:54":2,"s:10:64:11:54":10,"s:11:50:11:52":11,"s:11:52:11:54":12,"s:11:20:11:54":13,"b:11:54:21:Infinity:21:3:21:Infinity":3,"s:11:54:21:Infinity":14,"s:13:28:20:30":15,"f:13:28:13:Infinity":1,"b:14:4:15:Infinity:undefined:undefined:undefined:undefined":4,"s:14:4:15:Infinity":16,"s:15:6:15:38":17,"s:15:38:15:Infinity":18,"s:18:17:18:Infinity":19,"s:19:4:19:Infinity":20,"s:20:4:20:Infinity":21,"s:21:3:21:Infinity":22,"s:13:28:13:Infinity":23,"b:21:3:35:Infinity:35:3:35:Infinity":5,"s:21:3:35:Infinity":24,"s:23:23:34:40":25,"f:23:23:23:30":2,"s:23:30:23:Infinity":26,"b:23:30:23:Infinity:23:30:23:Infinity":6,"b:24:4:24:Infinity:undefined:undefined:undefined:undefined":7,"s:24:4:24:Infinity":27,"s:24:20:24:Infinity":28,"s:25:27:25:Infinity":29,"s:26:4:29:Infinity":30,"b:26:4:26:16:29:6:29:Infinity":8,"s:31:17:31:Infinity":31,"s:32:4:32:Infinity":32,"s:34:4:34:Infinity":33,"s:35:3:35:Infinity":34,"s:23:23:23:30":35,"b:35:3:44:Infinity:44:3:44:Infinity":9,"s:35:3:44:Infinity":36,"b:35:3:35:Infinity:35:3:35:Infinity:35:3:35:Infinity":10,"s:37:9:44:3":37,"s:44:3:44:Infinity":38,"s:44:3:37:Infinity":39},"fnNames":{}}}
,"C:\\Users\\matias.guerrero\\Documents\\workspace\\React\\03-gifs-app\\src\\shared\\components\\CustomHeader.tsx": {"path":"C:\\Users\\matias.guerrero\\Documents\\workspace\\React\\03-gifs-app\\src\\shared\\components\\CustomHeader.tsx","statementMap":{"0":{"start":{"line":6,"column":13},"end":{"line":11,"column":null}},"1":{"start":{"line":6,"column":28},"end":{"line":6,"column":29}},"2":{"start":{"line":6,"column":29},"end":{"line":6,"column":58}},"3":{"start":{"line":6,"column":58},"end":{"line":9,"column":null}},"4":{"start":{"line":9,"column":6},"end":{"line":9,"column":null}},"5":{"start":{"line":9,"column":22},"end":{"line":9,"column":null}},"6":{"start":{"line":9,"column":22},"end":{"line":10,"column":null}},"7":{"start":{"line":10,"column":7},"end":{"line":10,"column":null}},"8":{"start":{"line":10,"column":42},"end":{"line":10,"column":null}},"9":{"start":{"line":10,"column":42},"end":{"line":11,"column":null}},"10":{"start":{"line":8,"column":4},"end":{"line":11,"column":null}},"11":{"start":{"line":11,"column":10},"end":{"line":11,"column":null}},"12":{"start":{"line":11,"column":10},"end":{"line":8,"column":19}}},"fnMap":{"0":{"name":"(anonymous_0)","decl":{"start":{"line":6,"column":13},"end":{"line":6,"column":28}},"loc":{"start":{"line":6,"column":28},"end":{"line":11,"column":null}},"line":6}},"branchMap":{"0":{"loc":{"start":{"line":6,"column":58},"end":{"line":9,"column":null}},"type":"if","locations":[{"start":{"line":6,"column":58},"end":{"line":9,"column":null}},{"start":{"line":9,"column":22},"end":{"line":9,"column":null}}],"line":6},"1":{"loc":{"start":{"line":9,"column":22},"end":{"line":10,"column":null}},"type":"if","locations":[{"start":{"line":9,"column":22},"end":{"line":10,"column":null}},{"start":{"line":10,"column":42},"end":{"line":10,"column":null}}],"line":9},"2":{"loc":{"start":{"line":10,"column":7},"end":{"line":10,"column":null}},"type":"binary-expr","locations":[{"start":{"line":10,"column":7},"end":{"line":10,"column":22}},{"start":{"line":10,"column":22},"end":{"line":10,"column":null}}],"line":10},"3":{"loc":{"start":{"line":10,"column":42},"end":{"line":11,"column":null}},"type":"if","locations":[{"start":{"line":10,"column":42},"end":{"line":11,"column":null}},{"start":{"line":11,"column":10},"end":{"line":11,"column":null}}],"line":10},"4":{"loc":{"start":{"line":10,"column":42},"end":{"line":10,"column":null}},"type":"binary-expr","locations":[{"start":{"line":10,"column":42},"end":{"line":10,"column":null}},{"start":{"line":10,"column":42},"end":{"line":10,"column":null}}],"line":10}},"s":{"0":2,"1":4,"2":4,"3":4,"4":4,"5":0,"6":4,"7":4,"8":0,"9":4,"10":4,"11":0,"12":4},"f":{"0":4},"b":{"0":[4,0],"1":[4,0],"2":[4,2],"3":[4,0],"4":[4,0]},"meta":{"lastBranch":5,"lastFunction":1,"lastStatement":13,"seen":{"s:6:13:11:Infinity":0,"f:6:13:6:28":0,"s:6:28:6:29":1,"s:6:29:6:58":2,"b:6:58:9:Infinity:9:22:9:Infinity":0,"s:6:58:9:Infinity":3,"s:9:6:9:Infinity":4,"s:9:22:9:Infinity":5,"b:9:22:10:Infinity:10:42:10:Infinity":1,"s:9:22:10:Infinity":6,"s:10:7:10:Infinity":7,"b:10:7:10:22:10:22:10:Infinity":2,"s:10:42:10:Infinity":8,"b:10:42:11:Infinity:11:10:11:Infinity":3,"s:10:42:11:Infinity":9,"b:10:42:10:Infinity:10:42:10:Infinity":4,"s:8:4:11:Infinity":10,"s:11:10:11:Infinity":11,"s:11:10:8:19":12},"fnNames":{}}}
,"C:\\Users\\matias.guerrero\\Documents\\workspace\\React\\03-gifs-app\\src\\shared\\components\\SearchBar.tsx": {"path":"C:\\Users\\matias.guerrero\\Documents\\workspace\\React\\03-gifs-app\\src\\shared\\components\\SearchBar.tsx","statementMap":{"0":{"start":{"line":7,"column":13},"end":{"line":40,"column":null}},"1":{"start":{"line":7,"column":25},"end":{"line":7,"column":26}},"2":{"start":{"line":7,"column":26},"end":{"line":7,"column":28}},"3":{"start":{"line":7,"column":28},"end":{"line":7,"column":null}},"4":{"start":{"line":9,"column":28},"end":{"line":9,"column":41}},"5":{"start":{"line":9,"column":41},"end":{"line":19,"column":21}},"6":{"start":{"line":11,"column":12},"end":{"line":18,"column":null}},"7":{"start":{"line":12,"column":22},"end":{"line":14,"column":12}},"8":{"start":{"line":13,"column":6},"end":{"line":13,"column":20}},"9":{"start":{"line":14,"column":12},"end":{"line":17,"column":null}},"10":{"start":{"line":17,"column":6},"end":{"line":17,"column":29}},"11":{"start":{"line":19,"column":4},"end":{"line":19,"column":20}},"12":{"start":{"line":19,"column":20},"end":{"line":19,"column":21}},"13":{"start":{"line":11,"column":2},"end":{"line":19,"column":21}},"14":{"start":{"line":19,"column":21},"end":{"line":23,"column":null}},"15":{"start":{"line":21,"column":23},"end":{"line":22,"column":null}},"16":{"start":{"line":22,"column":4},"end":{"line":22,"column":18}},"17":{"start":{"line":23,"column":3},"end":{"line":23,"column":null}},"18":{"start":{"line":21,"column":23},"end":{"line":21,"column":null}},"19":{"start":{"line":23,"column":3},"end":{"line":29,"column":null}},"20":{"start":{"line":25,"column":24},"end":{"line":28,"column":null}},"21":{"start":{"line":26,"column":4},"end":{"line":27,"column":null}},"22":{"start":{"line":27,"column":6},"end":{"line":27,"column":20}},"23":{"start":{"line":29,"column":3},"end":{"line":29,"column":null}},"24":{"start":{"line":25,"column":24},"end":{"line":25,"column":null}},"25":{"start":{"line":29,"column":3},"end":{"line":36,"column":null}},"26":{"start":{"line":36,"column":18},"end":{"line":36,"column":47}},"27":{"start":{"line":36,"column":23},"end":{"line":36,"column":47}},"28":{"start":{"line":36,"column":47},"end":{"line":36,"column":null}},"29":{"start":{"line":36,"column":47},"end":{"line":38,"column":null}},"30":{"start":{"line":32,"column":6},"end":{"line":37,"column":null}},"31":{"start":{"line":38,"column":8},"end":{"line":38,"column":null}},"32":{"start":{"line":38,"column":8},"end":{"line":39,"column":null}},"33":{"start":{"line":39,"column":6},"end":{"line":39,"column":null}},"34":{"start":{"line":39,"column":52},"end":{"line":39,"column":null}},"35":{"start":{"line":39,"column":52},"end":{"line":40,"column":null}},"36":{"start":{"line":31,"column":4},"end":{"line":40,"column":null}},"37":{"start":{"line":40,"column":10},"end":{"line":40,"column":null}},"38":{"start":{"line":40,"column":10},"end":{"line":31,"column":19}}},"fnMap":{"0":{"name":"(anonymous_0)","decl":{"start":{"line":7,"column":13},"end":{"line":7,"column":25}},"loc":{"start":{"line":7,"column":25},"end":{"line":40,"column":null}},"line":7},"1":{"name":"(anonymous_1)","decl":{"start":{"line":11,"column":12},"end":{"line":11,"column":null}},"loc":{"start":{"line":11,"column":12},"end":{"line":18,"column":null}},"line":11},"2":{"name":"(anonymous_2)","decl":{"start":{"line":12,"column":22},"end":{"line":12,"column":33}},"loc":{"start":{"line":12,"column":33},"end":{"line":13,"column":null}},"line":12},"3":{"name":"(anonymous_3)","decl":{"start":{"line":14,"column":12},"end":{"line":14,"column":null}},"loc":{"start":{"line":16,"column":11},"end":{"line":17,"column":null}},"line":16},"4":{"name":"(anonymous_4)","decl":{"start":{"line":21,"column":23},"end":{"line":21,"column":null}},"loc":{"start":{"line":21,"column":23},"end":{"line":22,"column":null}},"line":21},"5":{"name":"(anonymous_5)","decl":{"start":{"line":25,"column":24},"end":{"line":25,"column":null}},"loc":{"start":{"line":25,"column":24},"end":{"line":28,"column":null}},"line":25},"6":{"name":"(anonymous_6)","decl":{"start":{"line":36,"column":18},"end":{"line":36,"column":23}},"loc":{"start":{"line":36,"column":23},"end":{"line":36,"column":47}},"line":36}},"branchMap":{"0":{"loc":{"start":{"line":7,"column":28},"end":{"line":7,"column":null}},"type":"cond-expr","locations":[{"start":{"line":7,"column":28},"end":{"line":7,"column":null}},{"start":{"line":7,"column":28},"end":{"line":7,"column":null}}],"line":7},"1":{"loc":{"start":{"line":9,"column":41},"end":{"line":19,"column":21}},"type":"if","locations":[{"start":{"line":9,"column":41},"end":{"line":19,"column":21}},{"start":{"line":19,"column":20},"end":{"line":19,"column":21}}],"line":9},"2":{"loc":{"start":{"line":9,"column":41},"end":{"line":9,"column":null}},"type":"binary-expr","locations":[{"start":{"line":9,"column":41},"end":{"line":9,"column":null}},{"start":{"line":9,"column":41},"end":{"line":9,"column":null}}],"line":9},"3":{"loc":{"start":{"line":19,"column":21},"end":{"line":23,"column":null}},"type":"if","locations":[{"start":{"line":19,"column":21},"end":{"line":23,"column":null}},{"start":{"line":23,"column":3},"end":{"line":23,"column":null}}],"line":19},"4":{"loc":{"start":{"line":19,"column":21},"end":{"line":19,"column":null}},"type":"binary-expr","locations":[{"start":{"line":19,"column":21},"end":{"line":19,"column":null}},{"start":{"line":19,"column":21},"end":{"line":19,"column":null}}],"line":19},"5":{"loc":{"start":{"line":23,"column":3},"end":{"line":29,"column":null}},"type":"if","locations":[{"start":{"line":23,"column":3},"end":{"line":29,"column":null}},{"start":{"line":29,"column":3},"end":{"line":29,"column":null}}],"line":23},"6":{"loc":{"start":{"line":26,"column":4},"end":{"line":27,"column":null}},"type":"if","locations":[{"start":{"line":26,"column":4},"end":{"line":27,"column":null}},{"start":{},"end":{}}],"line":26},"7":{"loc":{"start":{"line":29,"column":3},"end":{"line":36,"column":null}},"type":"if","locations":[{"start":{"line":29,"column":3},"end":{"line":36,"column":null}},{"start":{"line":36,"column":47},"end":{"line":36,"column":null}}],"line":29},"8":{"loc":{"start":{"line":36,"column":47},"end":{"line":38,"column":null}},"type":"if","locations":[{"start":{"line":36,"column":47},"end":{"line":38,"column":null}},{"start":{"line":38,"column":8},"end":{"line":38,"column":null}}],"line":36},"9":{"loc":{"start":{"line":36,"column":47},"end":{"line":36,"column":null}},"type":"binary-expr","locations":[{"start":{"line":36,"column":47},"end":{"line":36,"column":null}},{"start":{"line":36,"column":47},"end":{"line":36,"column":null}},{"start":{"line":36,"column":47},"end":{"line":36,"column":null}}],"line":36},"10":{"loc":{"start":{"line":38,"column":8},"end":{"line":39,"column":null}},"type":"if","locations":[{"start":{"line":38,"column":8},"end":{"line":39,"column":null}},{"start":{"line":39,"column":52},"end":{"line":39,"column":null}}],"line":38},"11":{"loc":{"start":{"line":39,"column":52},"end":{"line":40,"column":null}},"type":"if","locations":[{"start":{"line":39,"column":52},"end":{"line":40,"column":null}},{"start":{"line":40,"column":10},"end":{"line":40,"column":null}}],"line":39},"12":{"loc":{"start":{"line":39,"column":52},"end":{"line":39,"column":null}},"type":"binary-expr","locations":[{"start":{"line":39,"column":52},"end":{"line":39,"column":null}},{"start":{"line":39,"column":52},"end":{"line":39,"column":null}}],"line":39}},"s":{"0":2,"1":12,"2":12,"3":12,"4":12,"5":12,"6":12,"7":12,"8":2,"9":12,"10":12,"11":12,"12":0,"13":12,"14":12,"15":12,"16":1,"17":0,"18":12,"19":12,"20":12,"21":0,"22":0,"23":0,"24":12,"25":12,"26":6,"27":6,"28":6,"29":12,"30":12,"31":0,"32":12,"33":12,"34":0,"35":12,"36":12,"37":0,"38":12},"f":{"0":12,"1":12,"2":2,"3":12,"4":1,"5":0,"6":6},"b":{"0":[10,2],"1":[12,0],"2":[12,6],"3":[12,0],"4":[12,6],"5":[12,0],"6":[0,0],"7":[6,6],"8":[12,0],"9":[12,0,0],"10":[12,0],"11":[12,0],"12":[12,0]},"meta":{"lastBranch":13,"lastFunction":7,"lastStatement":39,"seen":{"s:7:13:40:Infinity":0,"f:7:13:7:25":0,"s:7:25:7:26":1,"s:7:26:7:28":2,"s:7:28:7:Infinity":3,"b:7:28:7:Infinity:7:28:7:Infinity":0,"s:9:28:9:41":4,"b:9:41:19:21:19:20:19:21":1,"s:9:41:19:21":5,"b:9:41:9:Infinity:9:41:9:Infinity":2,"s:11:12:18:Infinity":6,"f:11:12:11:Infinity":1,"s:12:22:14:12":7,"f:12:22:12:33":2,"s:13:6:13:20":8,"s:14:12:17:Infinity":9,"f:14:12:14:Infinity":3,"s:17:6:17:29":10,"s:19:4:19:20":11,"s:19:20:19:21":12,"s:11:2:19:21":13,"b:19:21:23:Infinity:23:3:23:Infinity":3,"s:19:21:23:Infinity":14,"b:19:21:19:Infinity:19:21:19:Infinity":4,"s:21:23:22:Infinity":15,"f:21:23:21:Infinity":4,"s:22:4:22:18":16,"s:23:3:23:Infinity":17,"s:21:23:21:Infinity":18,"b:23:3:29:Infinity:29:3:29:Infinity":5,"s:23:3:29:Infinity":19,"s:25:24:28:Infinity":20,"f:25:24:25:Infinity":5,"b:26:4:27:Infinity:undefined:undefined:undefined:undefined":6,"s:26:4:27:Infinity":21,"s:27:6:27:20":22,"s:29:3:29:Infinity":23,"s:25:24:25:Infinity":24,"b:29:3:36:Infinity:36:47:36:Infinity":7,"s:29:3:36:Infinity":25,"s:36:18:36:47":26,"f:36:18:36:23":6,"s:36:23:36:47":27,"s:36:47:36:Infinity":28,"b:36:47:38:Infinity:38:8:38:Infinity":8,"s:36:47:38:Infinity":29,"b:36:47:36:Infinity:36:47:36:Infinity:36:47:36:Infinity":9,"s:32:6:37:Infinity":30,"s:38:8:38:Infinity":31,"b:38:8:39:Infinity:39:52:39:Infinity":10,"s:38:8:39:Infinity":32,"s:39:6:39:Infinity":33,"s:39:52:39:Infinity":34,"b:39:52:40:Infinity:40:10:40:Infinity":11,"s:39:52:40:Infinity":35,"b:39:52:39:Infinity:39:52:39:Infinity":12,"s:31:4:40:Infinity":36,"s:40:10:40:Infinity":37,"s:40:10:31:19":38},"fnNames":{}}}
,"C:\\Users\\matias.guerrero\\Documents\\workspace\\React\\03-gifs-app\\tests\\mocks\\giphy.response.data.ts": {"path":"C:\\Users\\matias.guerrero\\Documents\\workspace\\React\\03-gifs-app\\tests\\mocks\\giphy.response.data.ts","statementMap":{"0":{"start":{"line":1,"column":39},"end":{"line":2086,"column":null}}},"fnMap":{},"branchMap":{},"s":{"0":1},"f":{},"b":{},"meta":{"lastBranch":0,"lastFunction":0,"lastStatement":1,"seen":{"s:1:39:2086:Infinity":0},"fnNames":{}}}
}
