<?xml version="1.0" encoding="UTF-8"?>
<coverage generated="1783994100122" clover="3.2.0">
  <project timestamp="1783994100123" name="All files">
    <metrics statements="46" coveredstatements="45" conditionals="40" coveredconditionals="25" methods="9" coveredmethods="9" elements="95" coveredelements="79" complexity="0" loc="46" ncloc="46" packages="3" files="5" classes="5"/>
    <package name="src">
      <metrics statements="18" coveredstatements="18" conditionals="12" coveredconditionals="6" methods="2" coveredmethods="2"/>
      <file name="FirstStepsApp.tsx" path="C:\Users\matias.guerrero\Documents\workspace\React\02-first-steps\src\FirstStepsApp.tsx">
        <metrics statements="5" coveredstatements="5" conditionals="2" coveredconditionals="1" methods="1" coveredmethods="1"/>
        <line num="8" count="1" type="stmt"/>
        <line num="13" count="3" type="cond" truecount="1" falsecount="1"/>
        <line num="15" count="3" type="stmt"/>
        <line num="22" count="9" type="stmt"/>
        <line num="26" count="3" type="stmt"/>
      </file>
      <file name="MyAwesomeApp.tsx" path="C:\Users\matias.guerrero\Documents\workspace\React\02-first-steps\src\MyAwesomeApp.tsx">
        <metrics statements="13" coveredstatements="13" conditionals="10" coveredconditionals="5" methods="1" coveredmethods="1"/>
        <line num="3" count="1" type="stmt"/>
        <line num="4" count="1" type="stmt"/>
        <line num="6" count="1" type="stmt"/>
        <line num="7" count="1" type="stmt"/>
        <line num="9" count="1" type="stmt"/>
        <line num="14" count="1" type="stmt"/>
        <line num="21" count="4" type="cond" truecount="1" falsecount="1"/>
        <line num="24" count="4" type="stmt"/>
        <line num="25" count="4" type="stmt"/>
        <line num="26" count="4" type="cond" truecount="1" falsecount="1"/>
        <line num="28" count="4" type="cond" truecount="1" falsecount="1"/>
        <line num="29" count="4" type="cond" truecount="2" falsecount="2"/>
        <line num="32" count="4" type="stmt"/>
      </file>
    </package>
    <package name="src.helpers">
      <metrics statements="8" coveredstatements="8" conditionals="0" coveredconditionals="0" methods="4" coveredmethods="4"/>
      <file name="math.helper.ts" path="C:\Users\matias.guerrero\Documents\workspace\React\02-first-steps\src\helpers\math.helper.ts">
        <metrics statements="8" coveredstatements="8" conditionals="0" coveredconditionals="0" methods="4" coveredmethods="4"/>
        <line num="1" count="1" type="stmt"/>
        <line num="2" count="2" type="stmt"/>
        <line num="5" count="1" type="stmt"/>
        <line num="6" count="2" type="stmt"/>
        <line num="9" count="1" type="stmt"/>
        <line num="10" count="2" type="stmt"/>
        <line num="13" count="1" type="stmt"/>
        <line num="14" count="1" type="stmt"/>
      </file>
    </package>
    <package name="src.shopping-cart">
      <metrics statements="20" coveredstatements="19" conditionals="28" coveredconditionals="19" methods="3" coveredmethods="3"/>
      <file name="ItemCounter.module.css" path="C:\Users\matias.guerrero\Documents\workspace\React\02-first-steps\src\shopping-cart\ItemCounter.module.css">
        <metrics statements="0" coveredstatements="0" conditionals="0" coveredconditionals="0" methods="0" coveredmethods="0"/>
      </file>
      <file name="ItemCounter.tsx" path="C:\Users\matias.guerrero\Documents\workspace\React\02-first-steps\src\shopping-cart\ItemCounter.tsx">
        <metrics statements="20" coveredstatements="19" conditionals="28" coveredconditionals="19" methods="3" coveredmethods="3"/>
        <line num="8" count="9" type="cond" truecount="1" falsecount="1"/>
        <line num="11" count="9" type="cond" truecount="1" falsecount="1"/>
        <line num="13" count="9" type="stmt"/>
        <line num="14" count="1" type="stmt"/>
        <line num="15" count="9" type="cond" truecount="1" falsecount="1"/>
        <line num="17" count="9" type="stmt"/>
        <line num="18" count="2" type="cond" truecount="2" falsecount="0"/>
        <line num="19" count="1" type="stmt"/>
        <line num="20" count="0" type="stmt"/>
        <line num="22" count="9" type="stmt"/>
        <line num="30" count="8" type="stmt"/>
        <line num="31" count="8" type="stmt"/>
        <line num="32" count="9" type="cond" truecount="4" falsecount="0"/>
        <line num="33" count="9" type="cond" truecount="4" falsecount="0"/>
        <line num="34" count="9" type="cond" truecount="1" falsecount="1"/>
        <line num="35" count="9" type="stmt"/>
        <line num="37" count="9" type="cond" truecount="1" falsecount="1"/>
        <line num="38" count="9" type="cond" truecount="1" falsecount="1"/>
        <line num="39" count="9" type="cond" truecount="3" falsecount="3"/>
        <line num="40" count="9" type="stmt"/>
      </file>
    </package>
  </project>
</coverage>
