{"C:\\Users\\matias.guerrero\\Documents\\workspace\\React\\02-first-steps\\src\\FirstStepsApp.tsx": {"path":"C:\\Users\\matias.guerrero\\Documents\\workspace\\React\\02-first-steps\\src\\FirstStepsApp.tsx","statementMap":{"0":{"start":{"line":8,"column":35},"end":{"line":11,"column":null}},"1":{"start":{"line":13,"column":7},"end":{"line":13,"column":null}},"2":{"start":{"line":13,"column":7},"end":{"line":26,"column":null}},"3":{"start":{"line":15,"column":4},"end":{"line":26,"column":null}},"4":{"start":{"line":26,"column":10},"end":{"line":26,"column":null}},"5":{"start":{"line":26,"column":10},"end":{"line":15,"column":21}},"6":{"start":{"line":22,"column":24},"end":{"line":22,"column":47}},"7":{"start":{"line":22,"column":47},"end":{"line":23,"column":81}}},"fnMap":{"0":{"name":"FirstStepsApp","decl":{"start":{"line":13,"column":7},"end":{"line":13,"column":null}},"loc":{"start":{"line":13,"column":7},"end":{"line":26,"column":null}},"line":13}},"branchMap":{"0":{"loc":{"start":{"line":13,"column":7},"end":{"line":26,"column":null}},"type":"if","locations":[{"start":{"line":13,"column":7},"end":{"line":26,"column":null}},{"start":{"line":26,"column":10},"end":{"line":26,"column":null}}],"line":13}},"s":{"0":1,"1":3,"2":3,"3":3,"4":0,"5":3,"6":9,"7":9},"f":{"0":12},"b":{"0":[3,0]},"meta":{"lastBranch":1,"lastFunction":1,"lastStatement":8,"seen":{"s:8:35:11:Infinity":0,"f:13:7:13:Infinity":0,"s:13:7:13:Infinity":1,"b:13:7:26:Infinity:26:10:26:Infinity":0,"s:13:7:26:Infinity":2,"s:15:4:26:Infinity":3,"s:26:10:26:Infinity":4,"s:26:10:15:21":5,"s:22:24:22:47":6,"s:22:47:23:81":7},"fnNames":{}}}
,"C:\\Users\\matias.guerrero\\Documents\\workspace\\React\\02-first-steps\\src\\MyAwesomeApp.tsx": {"path":"C:\\Users\\matias.guerrero\\Documents\\workspace\\React\\02-first-steps\\src\\MyAwesomeApp.tsx","statementMap":{"0":{"start":{"line":3,"column":18},"end":{"line":3,"column":null}},"1":{"start":{"line":4,"column":17},"end":{"line":4,"column":null}},"2":{"start":{"line":6,"column":22},"end":{"line":6,"column":null}},"3":{"start":{"line":7,"column":17},"end":{"line":7,"column":null}},"4":{"start":{"line":9,"column":14},"end":{"line":12,"column":null}},"5":{"start":{"line":14,"column":32},"end":{"line":19,"column":null}},"6":{"start":{"line":21,"column":13},"end":{"line":32,"column":null}},"7":{"start":{"line":21,"column":28},"end":{"line":21,"column":null}},"8":{"start":{"line":21,"column":28},"end":{"line":26,"column":null}},"9":{"start":{"line":25,"column":6},"end":{"line":25,"column":null}},"10":{"start":{"line":26,"column":6},"end":{"line":26,"column":null}},"11":{"start":{"line":26,"column":25},"end":{"line":26,"column":null}},"12":{"start":{"line":26,"column":25},"end":{"line":28,"column":null}},"13":{"start":{"line":28,"column":6},"end":{"line":28,"column":null}},"14":{"start":{"line":28,"column":69},"end":{"line":28,"column":null}},"15":{"start":{"line":28,"column":69},"end":{"line":29,"column":null}},"16":{"start":{"line":29,"column":6},"end":{"line":29,"column":null}},"17":{"start":{"line":29,"column":51},"end":{"line":29,"column":null}},"18":{"start":{"line":29,"column":51},"end":{"line":32,"column":null}},"19":{"start":{"line":24,"column":4},"end":{"line":32,"column":null}},"20":{"start":{"line":32,"column":10},"end":{"line":32,"column":null}},"21":{"start":{"line":32,"column":10},"end":{"line":24,"column":21}}},"fnMap":{"0":{"name":"(anonymous_0)","decl":{"start":{"line":21,"column":13},"end":{"line":21,"column":28}},"loc":{"start":{"line":21,"column":28},"end":{"line":32,"column":null}},"line":21}},"branchMap":{"0":{"loc":{"start":{"line":21,"column":28},"end":{"line":26,"column":null}},"type":"if","locations":[{"start":{"line":21,"column":28},"end":{"line":26,"column":null}},{"start":{"line":26,"column":25},"end":{"line":26,"column":null}}],"line":21},"1":{"loc":{"start":{"line":26,"column":25},"end":{"line":28,"column":null}},"type":"if","locations":[{"start":{"line":26,"column":25},"end":{"line":28,"column":null}},{"start":{"line":28,"column":69},"end":{"line":28,"column":null}}],"line":26},"2":{"loc":{"start":{"line":28,"column":69},"end":{"line":29,"column":null}},"type":"if","locations":[{"start":{"line":28,"column":69},"end":{"line":29,"column":null}},{"start":{"line":29,"column":51},"end":{"line":29,"column":null}}],"line":28},"3":{"loc":{"start":{"line":29,"column":11},"end":{"line":29,"column":45}},"type":"cond-expr","locations":[{"start":{"line":29,"column":11},"end":{"line":29,"column":45}},{"start":{"line":29,"column":11},"end":{"line":29,"column":45}}],"line":29},"4":{"loc":{"start":{"line":29,"column":51},"end":{"line":32,"column":null}},"type":"if","locations":[{"start":{"line":29,"column":51},"end":{"line":32,"column":null}},{"start":{"line":32,"column":10},"end":{"line":32,"column":null}}],"line":29}},"s":{"0":1,"1":1,"2":1,"3":1,"4":1,"5":1,"6":1,"7":4,"8":4,"9":4,"10":4,"11":0,"12":4,"13":4,"14":0,"15":4,"16":4,"17":0,"18":4,"19":4,"20":0,"21":4},"f":{"0":4},"b":{"0":[4,0],"1":[4,0],"2":[4,0],"3":[4,0],"4":[4,0]},"meta":{"lastBranch":5,"lastFunction":1,"lastStatement":22,"seen":{"s:3:18:3:Infinity":0,"s:4:17:4:Infinity":1,"s:6:22:6:Infinity":2,"s:7:17:7:Infinity":3,"s:9:14:12:Infinity":4,"s:14:32:19:Infinity":5,"s:21:13:32:Infinity":6,"f:21:13:21:28":0,"s:21:28:21:Infinity":7,"b:21:28:26:Infinity:26:25:26:Infinity":0,"s:21:28:26:Infinity":8,"s:25:6:25:Infinity":9,"s:26:6:26:Infinity":10,"s:26:25:26:Infinity":11,"b:26:25:28:Infinity:28:69:28:Infinity":1,"s:26:25:28:Infinity":12,"s:28:6:28:Infinity":13,"s:28:69:28:Infinity":14,"b:28:69:29:Infinity:29:51:29:Infinity":2,"s:28:69:29:Infinity":15,"s:29:6:29:Infinity":16,"b:29:11:29:45:29:11:29:45":3,"s:29:51:29:Infinity":17,"b:29:51:32:Infinity:32:10:32:Infinity":4,"s:29:51:32:Infinity":18,"s:24:4:32:Infinity":19,"s:32:10:32:Infinity":20,"s:32:10:24:21":21},"fnNames":{}}}
,"C:\\Users\\matias.guerrero\\Documents\\workspace\\React\\02-first-steps\\src\\helpers\\math.helper.ts": {"path":"C:\\Users\\matias.guerrero\\Documents\\workspace\\React\\02-first-steps\\src\\helpers\\math.helper.ts","statementMap":{"0":{"start":{"line":1,"column":13},"end":{"line":3,"column":null}},"1":{"start":{"line":2,"column":4},"end":{"line":2,"column":null}},"2":{"start":{"line":5,"column":13},"end":{"line":7,"column":null}},"3":{"start":{"line":6,"column":4},"end":{"line":6,"column":null}},"4":{"start":{"line":9,"column":13},"end":{"line":11,"column":null}},"5":{"start":{"line":10,"column":4},"end":{"line":10,"column":null}},"6":{"start":{"line":13,"column":13},"end":{"line":15,"column":null}},"7":{"start":{"line":14,"column":4},"end":{"line":14,"column":null}}},"fnMap":{"0":{"name":"(anonymous_0)","decl":{"start":{"line":1,"column":13},"end":{"line":1,"column":20}},"loc":{"start":{"line":1,"column":45},"end":{"line":3,"column":null}},"line":1},"1":{"name":"(anonymous_1)","decl":{"start":{"line":5,"column":13},"end":{"line":5,"column":25}},"loc":{"start":{"line":5,"column":50},"end":{"line":7,"column":null}},"line":5},"2":{"name":"(anonymous_2)","decl":{"start":{"line":9,"column":13},"end":{"line":9,"column":25}},"loc":{"start":{"line":9,"column":50},"end":{"line":11,"column":null}},"line":9},"3":{"name":"(anonymous_3)","decl":{"start":{"line":13,"column":13},"end":{"line":13,"column":23}},"loc":{"start":{"line":13,"column":48},"end":{"line":15,"column":null}},"line":13}},"branchMap":{},"s":{"0":1,"1":2,"2":1,"3":2,"4":1,"5":2,"6":1,"7":1},"f":{"0":2,"1":2,"2":2,"3":1},"b":{},"meta":{"lastBranch":0,"lastFunction":4,"lastStatement":8,"seen":{"s:1:13:3:Infinity":0,"f:1:13:1:20":0,"s:2:4:2:Infinity":1,"s:5:13:7:Infinity":2,"f:5:13:5:25":1,"s:6:4:6:Infinity":3,"s:9:13:11:Infinity":4,"f:9:13:9:25":2,"s:10:4:10:Infinity":5,"s:13:13:15:Infinity":6,"f:13:13:13:23":3,"s:14:4:14:Infinity":7},"fnNames":{}}}
,"C:\\Users\\matias.guerrero\\Documents\\workspace\\React\\02-first-steps\\src\\shopping-cart\\ItemCounter.module.css": {"path":"C:\\Users\\matias.guerrero\\Documents\\workspace\\React\\02-first-steps\\src\\shopping-cart\\ItemCounter.module.css","statementMap":{},"fnMap":{},"branchMap":{},"s":{},"f":{},"b":{},"meta":{"lastBranch":0,"lastFunction":0,"lastStatement":0,"seen":{},"fnNames":{}}}
,"C:\\Users\\matias.guerrero\\Documents\\workspace\\React\\02-first-steps\\src\\shopping-cart\\ItemCounter.tsx": {"path":"C:\\Users\\matias.guerrero\\Documents\\workspace\\React\\02-first-steps\\src\\shopping-cart\\ItemCounter.tsx","statementMap":{"0":{"start":{"line":8,"column":13},"end":{"line":40,"column":null}},"1":{"start":{"line":8,"column":27},"end":{"line":8,"column":28}},"2":{"start":{"line":8,"column":28},"end":{"line":8,"column":35}},"3":{"start":{"line":8,"column":35},"end":{"line":8,"column":null}},"4":{"start":{"line":11,"column":2},"end":{"line":11,"column":46}},"5":{"start":{"line":11,"column":46},"end":{"line":15,"column":null}},"6":{"start":{"line":13,"column":19},"end":{"line":14,"column":null}},"7":{"start":{"line":14,"column":4},"end":{"line":14,"column":23}},"8":{"start":{"line":15,"column":3},"end":{"line":15,"column":null}},"9":{"start":{"line":13,"column":19},"end":{"line":13,"column":null}},"10":{"start":{"line":15,"column":3},"end":{"line":20,"column":null}},"11":{"start":{"line":17,"column":23},"end":{"line":19,"column":null}},"12":{"start":{"line":18,"column":4},"end":{"line":18,"column":null}},"13":{"start":{"line":18,"column":19},"end":{"line":18,"column":null}},"14":{"start":{"line":19,"column":4},"end":{"line":19,"column":23}},"15":{"start":{"line":20,"column":3},"end":{"line":20,"column":null}},"16":{"start":{"line":17,"column":23},"end":{"line":17,"column":null}},"17":{"start":{"line":32,"column":21},"end":{"line":32,"column":31}},"18":{"start":{"line":32,"column":49},"end":{"line":33,"column":null}},"19":{"start":{"line":31,"column":19},"end":{"line":33,"column":13}},"20":{"start":{"line":33,"column":13},"end":{"line":33,"column":null}},"21":{"start":{"line":33,"column":13},"end":{"line":34,"column":null}},"22":{"start":{"line":30,"column":12},"end":{"line":34,"column":null}},"23":{"start":{"line":34,"column":26},"end":{"line":34,"column":null}},"24":{"start":{"line":34,"column":26},"end":{"line":37,"column":null}},"25":{"start":{"line":35,"column":12},"end":{"line":37,"column":null}},"26":{"start":{"line":37,"column":24},"end":{"line":37,"column":null}},"27":{"start":{"line":37,"column":24},"end":{"line":38,"column":null}},"28":{"start":{"line":38,"column":12},"end":{"line":38,"column":null}},"29":{"start":{"line":38,"column":32},"end":{"line":38,"column":null}},"30":{"start":{"line":38,"column":32},"end":{"line":39,"column":null}},"31":{"start":{"line":39,"column":12},"end":{"line":39,"column":null}},"32":{"start":{"line":39,"column":56},"end":{"line":39,"column":null}},"33":{"start":{"line":39,"column":56},"end":{"line":40,"column":null}},"34":{"start":{"line":22,"column":8},"end":{"line":40,"column":null}},"35":{"start":{"line":40,"column":18},"end":{"line":40,"column":null}},"36":{"start":{"line":40,"column":18},"end":{"line":22,"column":28}}},"fnMap":{"0":{"name":"(anonymous_0)","decl":{"start":{"line":8,"column":13},"end":{"line":8,"column":27}},"loc":{"start":{"line":8,"column":27},"end":{"line":40,"column":null}},"line":8},"1":{"name":"(anonymous_1)","decl":{"start":{"line":13,"column":19},"end":{"line":13,"column":null}},"loc":{"start":{"line":13,"column":19},"end":{"line":14,"column":null}},"line":13},"2":{"name":"(anonymous_2)","decl":{"start":{"line":17,"column":23},"end":{"line":17,"column":null}},"loc":{"start":{"line":17,"column":23},"end":{"line":19,"column":null}},"line":17}},"branchMap":{"0":{"loc":{"start":{"line":8,"column":35},"end":{"line":8,"column":null}},"type":"cond-expr","locations":[{"start":{"line":8,"column":35},"end":{"line":8,"column":null}},{"start":{"line":8,"column":35},"end":{"line":8,"column":null}}],"line":8},"1":{"loc":{"start":{"line":11,"column":46},"end":{"line":15,"column":null}},"type":"if","locations":[{"start":{"line":11,"column":46},"end":{"line":15,"column":null}},{"start":{"line":15,"column":3},"end":{"line":15,"column":null}}],"line":11},"2":{"loc":{"start":{"line":15,"column":3},"end":{"line":20,"column":null}},"type":"if","locations":[{"start":{"line":15,"column":3},"end":{"line":20,"column":null}},{"start":{"line":20,"column":3},"end":{"line":20,"column":null}}],"line":15},"3":{"loc":{"start":{"line":18,"column":4},"end":{"line":18,"column":null}},"type":"if","locations":[{"start":{"line":18,"column":4},"end":{"line":18,"column":null}},{"start":{},"end":{}}],"line":18},"4":{"loc":{"start":{"line":32,"column":21},"end":{"line":32,"column":31}},"type":"cond-expr","locations":[{"start":{"line":32,"column":21},"end":{"line":32,"column":31}},{"start":{"line":32,"column":21},"end":{"line":32,"column":31}}],"line":32},"5":{"loc":{"start":{"line":32,"column":49},"end":{"line":33,"column":null}},"type":"if","locations":[{"start":{"line":32,"column":49},"end":{"line":33,"column":null}},{"start":{"line":33,"column":13},"end":{"line":33,"column":null}}],"line":32},"6":{"loc":{"start":{"line":33,"column":13},"end":{"line":34,"column":null}},"type":"if","locations":[{"start":{"line":33,"column":13},"end":{"line":34,"column":null}},{"start":{"line":34,"column":26},"end":{"line":34,"column":null}}],"line":33},"7":{"loc":{"start":{"line":33,"column":13},"end":{"line":33,"column":null}},"type":"binary-expr","locations":[{"start":{"line":33,"column":13},"end":{"line":33,"column":null}},{"start":{"line":33,"column":13},"end":{"line":33,"column":null}}],"line":33},"8":{"loc":{"start":{"line":34,"column":26},"end":{"line":37,"column":null}},"type":"if","locations":[{"start":{"line":34,"column":26},"end":{"line":37,"column":null}},{"start":{"line":37,"column":24},"end":{"line":37,"column":null}}],"line":34},"9":{"loc":{"start":{"line":37,"column":24},"end":{"line":38,"column":null}},"type":"if","locations":[{"start":{"line":37,"column":24},"end":{"line":38,"column":null}},{"start":{"line":38,"column":32},"end":{"line":38,"column":null}}],"line":37},"10":{"loc":{"start":{"line":38,"column":32},"end":{"line":39,"column":null}},"type":"if","locations":[{"start":{"line":38,"column":32},"end":{"line":39,"column":null}},{"start":{"line":39,"column":56},"end":{"line":39,"column":null}}],"line":38},"11":{"loc":{"start":{"line":39,"column":56},"end":{"line":40,"column":null}},"type":"if","locations":[{"start":{"line":39,"column":56},"end":{"line":40,"column":null}},{"start":{"line":40,"column":18},"end":{"line":40,"column":null}}],"line":39},"12":{"loc":{"start":{"line":39,"column":56},"end":{"line":39,"column":null}},"type":"binary-expr","locations":[{"start":{"line":39,"column":56},"end":{"line":39,"column":null}},{"start":{"line":39,"column":56},"end":{"line":39,"column":null}},{"start":{"line":39,"column":56},"end":{"line":39,"column":null}},{"start":{"line":39,"column":56},"end":{"line":39,"column":null}}],"line":39}},"s":{"0":1,"1":9,"2":9,"3":9,"4":9,"5":9,"6":9,"7":1,"8":0,"9":9,"10":9,"11":9,"12":2,"13":1,"14":1,"15":0,"16":9,"17":9,"18":9,"19":8,"20":1,"21":9,"22":8,"23":1,"24":9,"25":9,"26":0,"27":9,"28":9,"29":0,"30":9,"31":9,"32":0,"33":9,"34":9,"35":0,"36":9},"f":{"0":9,"1":1,"2":2},"b":{"0":[0,9],"1":[9,0],"2":[9,0],"3":[1,1],"4":[4,5],"5":[8,1],"6":[8,1],"7":[9,2],"8":[9,0],"9":[9,0],"10":[9,0],"11":[9,0],"12":[9,1,0,0]},"meta":{"lastBranch":13,"lastFunction":3,"lastStatement":37,"seen":{"s:8:13:40:Infinity":0,"f:8:13:8:27":0,"s:8:27:8:28":1,"s:8:28:8:35":2,"s:8:35:8:Infinity":3,"b:8:35:8:Infinity:8:35:8:Infinity":0,"s:11:2:11:46":4,"b:11:46:15:Infinity:15:3:15:Infinity":1,"s:11:46:15:Infinity":5,"s:13:19:14:Infinity":6,"f:13:19:13:Infinity":1,"s:14:4:14:23":7,"s:15:3:15:Infinity":8,"s:13:19:13:Infinity":9,"b:15:3:20:Infinity:20:3:20:Infinity":2,"s:15:3:20:Infinity":10,"s:17:23:19:Infinity":11,"f:17:23:17:Infinity":2,"b:18:4:18:Infinity:undefined:undefined:undefined:undefined":3,"s:18:4:18:Infinity":12,"s:18:19:18:Infinity":13,"s:19:4:19:23":14,"s:20:3:20:Infinity":15,"s:17:23:17:Infinity":16,"s:32:21:32:31":17,"b:32:21:32:31:32:21:32:31":4,"b:32:49:33:Infinity:33:13:33:Infinity":5,"s:32:49:33:Infinity":18,"s:31:19:33:13":19,"s:33:13:33:Infinity":20,"b:33:13:34:Infinity:34:26:34:Infinity":6,"s:33:13:34:Infinity":21,"b:33:13:33:Infinity:33:13:33:Infinity":7,"s:30:12:34:Infinity":22,"s:34:26:34:Infinity":23,"b:34:26:37:Infinity:37:24:37:Infinity":8,"s:34:26:37:Infinity":24,"s:35:12:37:Infinity":25,"s:37:24:37:Infinity":26,"b:37:24:38:Infinity:38:32:38:Infinity":9,"s:37:24:38:Infinity":27,"s:38:12:38:Infinity":28,"s:38:32:38:Infinity":29,"b:38:32:39:Infinity:39:56:39:Infinity":10,"s:38:32:39:Infinity":30,"s:39:12:39:Infinity":31,"s:39:56:39:Infinity":32,"b:39:56:40:Infinity:40:18:40:Infinity":11,"s:39:56:40:Infinity":33,"b:39:56:39:Infinity:39:56:39:Infinity:39:56:39:Infinity:39:56:39:Infinity":12,"s:22:8:40:Infinity":34,"s:40:18:40:Infinity":35,"s:40:18:22:28":36},"fnNames":{}}}
}
